<?xml version="1.0" encoding="UTF-8"?>
<testng-results ignored="0" total="1" passed="1" failed="0" skipped="0">
  <reporter-output>
  </reporter-output>
  <suite started-at="2024-03-02T16:46:05 IST" name="Default suite" finished-at="2024-03-02T16:46:34 IST" duration-ms="29018">
    <groups>
      <group name="smokesuite">
        <method signature="Createcontact_1_Test.createcontactlastname()[pri:0, instance:contactsTests.Createcontact_1_Test@ba2f4ec]" name="createcontactlastname" class="contactsTests.Createcontact_1_Test"/>
      </group> <!-- smokesuite -->
    </groups>
    <test started-at="2024-03-02T16:46:05 IST" name="Default test" finished-at="2024-03-02T16:46:34 IST" duration-ms="29018">
      <class name="contactsTests.Createcontact_1_Test">
        <test-method is-config="true" signature="bs()[pri:0, instance:contactsTests.Createcontact_1_Test@ba2f4ec]" started-at="2024-03-02T16:46:05 IST" name="bs" finished-at="2024-03-02T16:46:05 IST" duration-ms="15" status="PASS">
          <reporter-output>
          </reporter-output>
        </test-method> <!-- bs -->
        <test-method is-config="true" signature="bc()[pri:0, instance:contactsTests.Createcontact_1_Test@ba2f4ec]" started-at="2024-03-02T16:46:05 IST" name="bc" finished-at="2024-03-02T16:46:12 IST" duration-ms="7045" status="PASS">
          <reporter-output>
          </reporter-output>
        </test-method> <!-- bc -->
        <test-method is-config="true" signature="bm()[pri:0, instance:contactsTests.Createcontact_1_Test@ba2f4ec]" started-at="2024-03-02T16:46:12 IST" name="bm" finished-at="2024-03-02T16:46:17 IST" duration-ms="4412" status="PASS">
          <reporter-output>
          </reporter-output>
        </test-method> <!-- bm -->
        <test-method signature="createcontactlastname()[pri:0, instance:contactsTests.Createcontact_1_Test@ba2f4ec]" started-at="2024-03-02T16:46:17 IST" name="createcontactlastname" finished-at="2024-03-02T16:46:31 IST" duration-ms="14598" status="PASS">
          <reporter-output>
          </reporter-output>
        </test-method> <!-- createcontactlastname -->
        <test-method is-config="true" signature="am()[pri:0, instance:contactsTests.Createcontact_1_Test@ba2f4ec]" started-at="2024-03-02T16:46:31 IST" name="am" finished-at="2024-03-02T16:46:33 IST" duration-ms="2135" status="PASS">
          <reporter-output>
          </reporter-output>
        </test-method> <!-- am -->
        <test-method is-config="true" signature="ac()[pri:0, instance:contactsTests.Createcontact_1_Test@ba2f4ec]" started-at="2024-03-02T16:46:33 IST" name="ac" finished-at="2024-03-02T16:46:34 IST" duration-ms="321" status="PASS">
          <reporter-output>
          </reporter-output>
        </test-method> <!-- ac -->
        <test-method is-config="true" signature="as()[pri:0, instance:contactsTests.Createcontact_1_Test@ba2f4ec]" started-at="2024-03-02T16:46:35 IST" name="as" finished-at="2024-03-02T16:46:35 IST" duration-ms="0" status="PASS">
          <reporter-output>
          </reporter-output>
        </test-method> <!-- as -->
      </class> <!-- contactsTests.Createcontact_1_Test -->
    </test> <!-- Default test -->
  </suite> <!-- Default suite -->
</testng-results>
