<?xml version="1.0" encoding="UTF-8"?>
<testng-results ignored="0" total="1" passed="1" failed="0" skipped="0">
  <reporter-output>
  </reporter-output>
  <suite started-at="2024-02-26T17:07:12 IST" name="Default suite" finished-at="2024-02-26T17:07:12 IST" duration-ms="68">
    <groups>
    </groups>
    <test started-at="2024-02-26T17:07:12 IST" name="Default test" finished-at="2024-02-26T17:07:12 IST" duration-ms="68">
      <class name="practice.Readdata">
        <test-method signature="data()[pri:0, instance:practice.Readdata@36fc695d]" started-at="2024-02-26T17:07:12 IST" name="data" finished-at="2024-02-26T17:07:12 IST" duration-ms="13" status="PASS">
          <reporter-output>
          </reporter-output>
        </test-method> <!-- data -->
      </class> <!-- practice.Readdata -->
    </test> <!-- Default test -->
  </suite> <!-- Default suite -->
</testng-results>
